{"level":"info","message":"GET /v1/auth/register 404 34.760 ms - 73","timestamp":"2025-04-19T17:33:00.857Z"}
{"level":"info","message":"POST /v1/auth/register 201 4217.137 ms - 577","timestamp":"2025-04-19T17:33:26.674Z"}
{"level":"info","message":"POST /v1/auth/login 200 3142.342 ms - 565","timestamp":"2025-04-19T17:35:34.179Z"}
{"level":"info","message":"POST /v1/auth/refresh-token 200 2142.694 ms - 475","timestamp":"2025-04-19T17:36:35.149Z"}
{"level":"info","message":"GET /v1/auth/me 200 2.572 ms - 97","timestamp":"2025-04-19T17:38:34.840Z"}
{"level":"info","message":"GET /v1/auth/me 200 1.347 ms - 97","timestamp":"2025-04-19T17:38:48.490Z"}
{"level":"info","message":"GET /v1/auth/me 200 1.372 ms - 97","timestamp":"2025-04-19T17:38:50.025Z"}
{"level":"info","message":"GET /v1/auth/me 200 2.054 ms - 97","timestamp":"2025-04-19T17:38:50.993Z"}
{"level":"info","message":"GET /v1/auth/me 200 1.334 ms - 97","timestamp":"2025-04-19T17:38:51.619Z"}
{"level":"info","message":"GET /api/v1/auth/register 404 24.745 ms - 77","timestamp":"2025-06-11T05:21:58.606Z"}
{"level":"info","message":"GET /v1/auth/register 404 2.609 ms - 73","timestamp":"2025-06-11T05:23:56.983Z"}
{"level":"info","message":"POST /api/v1/auth/register 404 1.064 ms - 77","timestamp":"2025-06-11T05:24:05.708Z"}
{"level":"info","message":"POST /api/v1/auth/register 404 1.113 ms - 77","timestamp":"2025-06-11T05:24:12.311Z"}
{"level":"info","message":"POST /v1/auth/register 201 217.306 ms - 577","timestamp":"2025-06-11T05:24:17.889Z"}
{"level":"info","message":"POST /v1/auth/registerealt 404 30.532 ms - 77","timestamp":"2025-06-11T05:26:23.309Z"}
{"level":"info","message":"POST /v1/auth/healtj 404 2.954 ms - 71","timestamp":"2025-06-11T05:26:27.381Z"}
{"level":"info","message":"POST /v1/auth/health 404 1.263 ms - 71","timestamp":"2025-06-11T05:26:29.268Z"}
{"level":"info","message":"GET /v1/auth/health 404 1.342 ms - 71","timestamp":"2025-06-11T05:26:33.109Z"}
{"level":"info","message":"GET /v1/auth/health 404 0.874 ms - 71","timestamp":"2025-06-11T05:26:38.551Z"}
{"level":"info","message":"GET /health 200 0.808 ms - 106","timestamp":"2025-06-11T05:27:06.295Z"}
{"level":"info","message":"GET /health 200 42.908 ms - 91","timestamp":"2025-06-11T05:27:33.313Z"}
